<?xml version="1.0" encoding="UTF-8"?>
<!-- Generated by org.testng.reporters.JUnitReportReporter -->
<testsuite hostname="khosruzs-MBP.lan" failures="0" tests="1" name="com.mco.tests.LoginPageTest" time="9.134" errors="0" timestamp="2021-01-19T17:47:45 EST" skipped="0">
  <testcase classname="com.mco.tests.LoginPageTest" name="curentUserNameTest" time="9.134"/>
  <system-out/>
</testsuite> <!-- com.mco.tests.LoginPageTest -->
