<?xml version="1.0" encoding="UTF-8"?>
<!-- Generated by org.testng.reporters.JUnitReportReporter -->
<testsuite hostname="khosruzs-MBP.lan" failures="0" tests="6" name="com.mco.tests.HomePageTest" time="31.116" errors="0" timestamp="2021-01-19T17:21:28 EST" skipped="0">
  <testcase classname="com.mco.tests.HomePageTest" name="loginPageTitleTest" time="4.856"/>
  <system-out/>
  <testcase classname="com.mco.tests.HomePageTest" name="loginSourceButtonNameTest" time="7.047"/>
  <system-out/>
  <testcase classname="com.mco.tests.HomePageTest" name="abotUsLinkTest" time="4.272"/>
  <system-out/>
  <testcase classname="com.mco.tests.HomePageTest" name="contactUsLinkTest" time="5.719"/>
  <system-out/>
  <testcase classname="com.mco.tests.HomePageTest" name="viewCartLinkTest" time="5.203"/>
  <system-out/>
  <testcase classname="com.mco.tests.HomePageTest" name="CurrencyListsTest" time="4.019"/>
  <system-out/>
</testsuite> <!-- com.mco.tests.HomePageTest -->
