<?xml version="1.0" encoding="UTF-8"?>
<!-- Generated by org.testng.reporters.JUnitReportReporter -->
<testsuite hostname="khosruzs-MBP.lan" failures="0" tests="6" name="com.mco.tests.HomePageTest" time="37.397" errors="0" timestamp="2021-01-18T18:51:51 EST" skipped="0">
  <testcase classname="com.mco.tests.HomePageTest" name="loginPageTitleTest" time="5.536"/>
  <system-out/>
  <testcase classname="com.mco.tests.HomePageTest" name="loginSourceButtonNameTest" time="6.698"/>
  <system-out/>
  <testcase classname="com.mco.tests.HomePageTest" name="abotUsLinkTest" time="5.091"/>
  <system-out/>
  <testcase classname="com.mco.tests.HomePageTest" name="contactUsLinkTest" time="5.816"/>
  <system-out/>
  <testcase classname="com.mco.tests.HomePageTest" name="viewCartLinkTest" time="6.060"/>
  <system-out/>
  <testcase classname="com.mco.tests.HomePageTest" name="CurrencyListsTest" time="8.196"/>
  <system-out/>
</testsuite> <!-- com.mco.tests.HomePageTest -->
