<?xml version="1.0" encoding="UTF-8"?>
<!-- Generated by org.testng.reporters.JUnitReportReporter -->
<testsuite hostname="khosruzs-MBP.lan" failures="0" tests="4" name="com.mco.tests.RegistrationPageTest" time="24.786" errors="0" timestamp="2021-01-19T17:21:28 EST" skipped="0">
  <testcase classname="com.mco.tests.RegistrationPageTest" name="loginPageTitleTest" time="4.797"/>
  <system-out/>
  <testcase classname="com.mco.tests.RegistrationPageTest" name="newUserRegistrationTest" time="5.983"/>
  <system-out/>
  <testcase classname="com.mco.tests.RegistrationPageTest" name="newUserRegistrationTest" time="6.840"/>
  <system-out/>
  <testcase classname="com.mco.tests.RegistrationPageTest" name="newUserRegistrationTest" time="7.166"/>
  <system-out/>
</testsuite> <!-- com.mco.tests.RegistrationPageTest -->
