<?xml version="1.0" encoding="UTF-8"?>
<!-- Generated by org.testng.reporters.JUnitReportReporter -->
<testsuite hostname="khosruzs-MBP.lan" failures="0" tests="2" name="com.mco.tests.RegistrationPageTest" time="5.812" errors="0" timestamp="2021-01-12T16:55:30 EST" skipped="1">
  <testcase classname="com.mco.tests.RegistrationPageTest" name="loginPageTitleTest" time="5.812"/>
  <system-out/>
  <testcase classname="com.mco.tests.RegistrationPageTest" name="newUserRegistrationTest" time="0.000">
    <skipped/>
  </testcase> <!-- newUserRegistrationTest -->
  <system-out/>
</testsuite> <!-- com.mco.tests.RegistrationPageTest -->
