<?xml version="1.0" encoding="UTF-8"?>
<!-- Generated by org.testng.reporters.JUnitReportReporter -->
<testsuite hostname="khosruzs-MBP.lan" failures="0" tests="4" name="com.mco.tests.RegistrationPageTest" time="28.474" errors="0" timestamp="2021-01-18T18:51:51 EST" skipped="0">
  <testcase classname="com.mco.tests.RegistrationPageTest" name="loginPageTitleTest" time="5.096"/>
  <system-out/>
  <testcase classname="com.mco.tests.RegistrationPageTest" name="newUserRegistrationTest" time="6.973"/>
  <system-out/>
  <testcase classname="com.mco.tests.RegistrationPageTest" name="newUserRegistrationTest" time="7.865"/>
  <system-out/>
  <testcase classname="com.mco.tests.RegistrationPageTest" name="newUserRegistrationTest" time="8.540"/>
  <system-out/>
</testsuite> <!-- com.mco.tests.RegistrationPageTest -->
