<?xml version="1.0" encoding="UTF-8"?>
<!-- Generated by org.testng.reporters.JUnitReportReporter -->
<testsuite hostname="khosruzs-MBP.lan" failures="0" tests="4" name="com.mco.tests.LoginPageTest" time="22.890" errors="0" timestamp="2021-01-18T18:51:51 EST" skipped="0">
  <testcase classname="com.mco.tests.LoginPageTest" name="loginLogoImageTest" time="4.222"/>
  <system-out/>
  <testcase classname="com.mco.tests.LoginPageTest" name="loginPageTitleTest" time="5.023"/>
  <system-out/>
  <testcase classname="com.mco.tests.LoginPageTest" name="loginTest" time="5.651"/>
  <system-out/>
  <testcase classname="com.mco.tests.LoginPageTest" name="curentUserNameTest" time="7.994"/>
  <system-out/>
</testsuite> <!-- com.mco.tests.LoginPageTest -->
