<?xml version="1.0" encoding="UTF-8"?>
<!-- Generated by org.testng.reporters.JUnitReportReporter -->
<testsuite hostname="khosruzs-MBP.lan" failures="0" tests="6" name="com.mco.tests.HomePageTest" time="34.670" errors="0" timestamp="2021-01-14T20:44:43 EST" skipped="0">
  <testcase classname="com.mco.tests.HomePageTest" name="loginPageTitleTest" time="4.254"/>
  <system-out/>
  <testcase classname="com.mco.tests.HomePageTest" name="loginSourceButtonNameTest" time="5.519"/>
  <system-out/>
  <testcase classname="com.mco.tests.HomePageTest" name="abotUsLinkTest" time="5.139"/>
  <system-out/>
  <testcase classname="com.mco.tests.HomePageTest" name="contactUsLinkTest" time="7.649"/>
  <system-out/>
  <testcase classname="com.mco.tests.HomePageTest" name="viewCartLinkTest" time="6.003"/>
  <system-out/>
  <testcase classname="com.mco.tests.HomePageTest" name="CurrencyListsTest" time="6.106"/>
  <system-out/>
</testsuite> <!-- com.mco.tests.HomePageTest -->
