<?xml version="1.0" encoding="UTF-8"?>
<!-- Generated by org.testng.reporters.JUnitReportReporter -->
<testsuite hostname="khosruzs-MBP.lan" failures="0" tests="4" name="com.mco.tests.LoginPageTest" time="24.064" errors="0" timestamp="2021-01-14T10:29:26 EST" skipped="0">
  <testcase classname="com.mco.tests.LoginPageTest" name="loginPageTitleTest" time="6.456"/>
  <system-out/>
  <testcase classname="com.mco.tests.LoginPageTest" name="loginLogoImageTest" time="5.130"/>
  <system-out/>
  <testcase classname="com.mco.tests.LoginPageTest" name="loginTest" time="4.647"/>
  <system-out/>
  <testcase classname="com.mco.tests.LoginPageTest" name="curentUserNameTest" time="7.831"/>
  <system-out/>
</testsuite> <!-- com.mco.tests.LoginPageTest -->
