<?xml version="1.0" encoding="UTF-8"?>
<!-- Generated by org.testng.reporters.JUnitReportReporter -->
<testsuite hostname="khosruzs-MBP.lan" failures="0" tests="4" name="com.mco.tests.LoginPageTest" time="20.629" errors="0" timestamp="2021-01-19T17:21:28 EST" skipped="0">
  <testcase classname="com.mco.tests.LoginPageTest" name="loginLogoImageTest" time="4.785"/>
  <system-out/>
  <testcase classname="com.mco.tests.LoginPageTest" name="loginPageTitleTest" time="3.915"/>
  <system-out/>
  <testcase classname="com.mco.tests.LoginPageTest" name="loginTest" time="5.113"/>
  <system-out/>
  <testcase classname="com.mco.tests.LoginPageTest" name="curentUserNameTest" time="6.816"/>
  <system-out/>
</testsuite> <!-- com.mco.tests.LoginPageTest -->
