<?xml version="1.0" encoding="UTF-8"?>
<!-- Generated by org.testng.reporters.JUnitReportReporter -->
<testsuite skipped="0" hostname="khosruzs-MBP.lan" name="com.mco.tests.HomePageTest" tests="6" failures="0" timestamp="2021-01-15T20:37:09 EST" time="50.060" errors="0">
  <testcase name="loginPageTitleTest" time="5.838" classname="com.mco.tests.HomePageTest"/>
  <system-out/>
  <testcase name="loginSourceButtonNameTest" time="6.318" classname="com.mco.tests.HomePageTest"/>
  <system-out/>
  <testcase name="abotUsLinkTest" time="17.034" classname="com.mco.tests.HomePageTest"/>
  <system-out/>
  <testcase name="contactUsLinkTest" time="7.839" classname="com.mco.tests.HomePageTest"/>
  <system-out/>
  <testcase name="viewCartLinkTest" time="6.340" classname="com.mco.tests.HomePageTest"/>
  <system-out/>
  <testcase name="CurrencyListsTest" time="6.691" classname="com.mco.tests.HomePageTest"/>
  <system-out/>
</testsuite> <!-- com.mco.tests.HomePageTest -->
